<?xml version="1.0" encoding="UTF-8"?>
<!-- Generated by org.testng.reporters.JUnitReportReporter -->
<testsuite skipped="0" hostname="DESKTOP-KKBVUFL" name="com.qa.tests.ToolsQaElements" tests="2" failures="0" timestamp="13 Jun 2023 03:00:54 GMT" time="23.848" errors="0">
  <testcase name="elements_TextBox" time="11.000" classname="com.qa.tests.ToolsQaElements"/>
  <testcase name="elements_CheckBox" time="12.848" classname="com.qa.tests.ToolsQaElements"/>
</testsuite> <!-- com.qa.tests.ToolsQaElements -->
