<?xml version="1.0" encoding="UTF-8"?>
<!-- Generated by org.testng.reporters.JUnitReportReporter -->
<testsuite skipped="0" hostname="DESKTOP-KKBVUFL" name="com.qa.tests.ToolsQaElementsTests" tests="1" failures="0" timestamp="16 Jun 2023 05:04:33 GMT" time="16.932" errors="0">
  <testcase name="elements_CheckBox" time="16.932" classname="com.qa.tests.ToolsQaElementsTests"/>
</testsuite> <!-- com.qa.tests.ToolsQaElementsTests -->
