<?xml version="1.0" encoding="UTF-8"?>
<!-- Generated by org.testng.reporters.JUnitReportReporter -->
<testsuite skipped="0" hostname="DESKTOP-KKBVUFL" name="com.qa.tests.ToolsQaAlertsTests" tests="1" failures="0" timestamp="16 Jun 2023 05:46:47 GMT" time="60.624" errors="0">
  <testcase name="alertOptions" time="60.624" classname="com.qa.tests.ToolsQaAlertsTests"/>
</testsuite> <!-- com.qa.tests.ToolsQaAlertsTests -->
