<?xml version="1.0" encoding="UTF-8"?>
<!-- Generated by org.testng.reporters.JUnitReportReporter -->
<testsuite skipped="0" hostname="DESKTOP-KKBVUFL" name="com.qa.tests.ToolsQaElementsTests" tests="2" failures="0" timestamp="16 Jun 2023 05:46:47 GMT" time="102.067" errors="0">
  <testcase name="elements_TextBox" time="29.182" classname="com.qa.tests.ToolsQaElementsTests"/>
  <testcase name="elements_CheckBox" time="72.885" classname="com.qa.tests.ToolsQaElementsTests"/>
</testsuite> <!-- com.qa.tests.ToolsQaElementsTests -->
